           0           6
  0.2214861      0.5936159      0.2222674      0.5888765    
           0           6
  0.2214861      0.5936159      0.2238299      0.5793976    
           0           6
  0.2214861      0.5936159      0.2269549      0.5367426    
           0           6
  0.2214861      0.5936159      0.2308612      0.4893481    
           0           6
  0.2214861      0.5936159      0.2355487      0.4372142    
           0           6
  0.2214861      0.5936159      0.2402363      0.3898197    
           0           6
  0.2214861      0.5936159      0.2527364      0.3471646    
           0           6
  0.2214861      0.5936159      0.2636739      0.3139885    
           0           6
  0.2214861      0.5936159      0.2777365      0.3021399    
           0           6
  0.2214861      0.5936159      0.2902367      0.2926610    
           0           6
  0.2214861      0.5936159      0.3042993      0.2831821    
           0           6
  0.2214861      0.5936159      0.3199244      0.2737032    
           0           6
  0.2214861      0.5936159      0.3386745      0.2665940    
           0           6
  0.2214861      0.5936159      0.3605497      0.2571151    
           0           6
  0.2214861      0.5936159      0.3808624      0.2452665    
           0           6
  0.2214861      0.5936159      0.4011750      0.2334179    
           0           6
  0.2214861      0.5936159      0.4214877      0.2191995    
           0           6
  0.2214861      0.5936159      0.4386753      0.2073509    
           0           6
  0.2214861      0.5936159      0.4558629      0.1978720    
           0           6
  0.2214861      0.5936159      0.4714881      0.1860234    
           0           6
  0.2214861      0.5936159      0.4824257      0.1765445    
           0           6
  0.2214861      0.5936159      0.4871132      0.1670656    
           0           6
  0.2214861      0.5936159      0.4902382      0.1599564    
           0           6
  0.2214861      0.5936159      0.4933632      0.1504775    
           0           6
  0.2214861      0.5936159      0.4957070      0.1433683    
           0           6
  0.2214861      0.5936159      0.4980508      0.1338894    
           0           6
  0.2214861      0.5936159      0.4996133      0.1291500    
           0           5
           0           6
  0.3285182      0.7500178      0.3292994      0.7429086    
           0           6
  0.3285182      0.7500178      0.3308620      0.6907747    
           0           6
  0.3285182      0.7500178      0.3339870      0.6102040    
           0           6
  0.3285182      0.7500178      0.3378933      0.5106756    
           0           6
  0.3285182      0.7500178      0.3425808      0.4064077    
           0           6
  0.3285182      0.7500178      0.3472683      0.3021399    
           0           6
  0.3285182      0.7500178      0.3597685      0.2073509    
           0           6
  0.3285182      0.7500178      0.3738310      0.1315197    
           0           6
  0.3285182      0.7500178      0.3894562      6.5167420E-02
           0           6
  0.3285182      0.7500178      0.4066438      2.2512382E-02
           0           6
  0.3285182      0.7500178      0.4269565     -1.0663760E-02
           0           6
  0.3285182      0.7500178      0.4472691     -2.0142658E-02
           0           6
  0.3285182      0.7500178      0.4675818     -2.4882106E-02
           0           6
  0.3285182      0.7500178      0.4847694     -2.7251830E-02
           0           6
  0.3285182      0.7500178      0.5035195     -2.7251830E-02
           0           6
  0.3285182      0.7500178      0.5238322     -2.7251830E-02
           0           6
  0.3285182      0.7500178      0.5394573     -2.2512382E-02
           0           6
  0.3285182      0.7500178      0.5503950     -1.7772933E-02
           0           6
  0.3285182      0.7500178      0.5527387     -1.5403209E-02
           0           5
